Using pre-set license
Built from '2022.3/staging' branch; Version is '2022.3.22f1 (887be4894c44) revision 8944612'; Using compiler version '192829333'; Build Type 'Release'
OS: 'Windows 10  (10.0.19045) 64bit Professional' Language: 'ko' Physical Memory: 16213 MB
BatchMode: 1, IsHumanControllingUs: 0, StartBugReporterOnCrash: 0, Is64bit: 1, IsPro: 1

COMMAND LINE ARGUMENTS:
C:\Program Files\Unity\Hub\Editor\2022.3.22f1\Editor\Unity.exe
-adb2
-batchMode
-noUpm
-name
AssetImportWorker6
-projectPath
C:/Users/User/GrappleHook
-logFile
Logs/AssetImportWorker6.log
-srvPort
58083
Successfully changed project path to: C:/Users/User/GrappleHook
C:/Users/User/GrappleHook
[UnityMemory] Configuration Parameters - Can be set up in boot.config
    "memorysetup-bucket-allocator-granularity=16"
    "memorysetup-bucket-allocator-bucket-count=8"
    "memorysetup-bucket-allocator-block-size=33554432"
    "memorysetup-bucket-allocator-block-count=8"
    "memorysetup-main-allocator-block-size=16777216"
    "memorysetup-thread-allocator-block-size=16777216"
    "memorysetup-gfx-main-allocator-block-size=16777216"
    "memorysetup-gfx-thread-allocator-block-size=16777216"
    "memorysetup-cache-allocator-block-size=4194304"
    "memorysetup-typetree-allocator-block-size=2097152"
    "memorysetup-profiler-bucket-allocator-granularity=16"
    "memorysetup-profiler-bucket-allocator-bucket-count=8"
    "memorysetup-profiler-bucket-allocator-block-size=33554432"
    "memorysetup-profiler-bucket-allocator-block-count=8"
    "memorysetup-profiler-allocator-block-size=16777216"
    "memorysetup-profiler-editor-allocator-block-size=1048576"
    "memorysetup-temp-allocator-size-main=16777216"
    "memorysetup-job-temp-allocator-block-size=2097152"
    "memorysetup-job-temp-allocator-block-size-background=1048576"
    "memorysetup-job-temp-allocator-reduction-small-platforms=262144"
    "memorysetup-allocator-temp-initial-block-size-main=262144"
    "memorysetup-allocator-temp-initial-block-size-worker=262144"
    "memorysetup-temp-allocator-size-background-worker=32768"
    "memorysetup-temp-allocator-size-job-worker=262144"
    "memorysetup-temp-allocator-size-preload-manager=33554432"
    "memorysetup-temp-allocator-size-nav-mesh-worker=65536"
    "memorysetup-temp-allocator-size-audio-worker=65536"
    "memorysetup-temp-allocator-size-cloud-worker=32768"
    "memorysetup-temp-allocator-size-gi-baking-worker=262144"
    "memorysetup-temp-allocator-size-gfx=262144"
Player connection [8496] Host "[IP] 192.168.0.47 [Port] 0 [Flags] 2 [Guid] 2358776753 [EditorId] 2358776753 [Version] 1048832 [Id] WindowsEditor(7,DESKTOP-7FL9E6G) [Debug] 1 [PackageName] WindowsEditor [ProjectName] Editor" joined multi-casting on [225.0.0.222:54997]...

Player connection [8496] Host "[IP] 192.168.0.47 [Port] 0 [Flags] 2 [Guid] 2358776753 [EditorId] 2358776753 [Version] 1048832 [Id] WindowsEditor(7,DESKTOP-7FL9E6G) [Debug] 1 [PackageName] WindowsEditor [ProjectName] Editor" joined alternative multi-casting on [225.0.0.222:34997]...

[Physics::Module] Initialized MultithreadedJobDispatcher with 19 workers.
Refreshing native plugins compatible for Editor in 18.44 ms, found 4 plugins.
Preloading 0 native plugins for Editor in 0.00 ms.
Initialize engine version: 2022.3.22f1 (887be4894c44)
[Subsystems] Discovering subsystems at path C:/Program Files/Unity/Hub/Editor/2022.3.22f1/Editor/Data/Resources/UnitySubsystems
[Subsystems] Discovering subsystems at path C:/Users/User/GrappleHook/Assets
GfxDevice: creating device client; threaded=0; jobified=0
Direct3D:
    Version:  Direct3D 11.0 [level 11.1]
    Renderer: NVIDIA GeForce GTX 1660 SUPER (ID=0x21c4)
    Vendor:   NVIDIA
    VRAM:     5980 MB
    Driver:   31.0.15.3623
Initialize mono
Mono path[0] = 'C:/Program Files/Unity/Hub/Editor/2022.3.22f1/Editor/Data/Managed'
Mono path[1] = 'C:/Program Files/Unity/Hub/Editor/2022.3.22f1/Editor/Data/MonoBleedingEdge/lib/mono/unityjit-win32'
Mono config path = 'C:/Program Files/Unity/Hub/Editor/2022.3.22f1/Editor/Data/MonoBleedingEdge/etc'
Using monoOptions --debugger-agent=transport=dt_socket,embedding=1,server=y,suspend=n,address=127.0.0.1:56632
Begin MonoManager ReloadAssembly
Registering precompiled unity dll's ...
Register platform support module: C:/Program Files/Unity/Hub/Editor/2022.3.22f1/Editor/Data/PlaybackEngines/WebGLSupport/UnityEditor.WebGL.Extensions.dll
Register platform support module: C:/Program Files/Unity/Hub/Editor/2022.3.22f1/Editor/Data/PlaybackEngines/AndroidPlayer/UnityEditor.Android.Extensions.dll
Register platform support module: C:/Program Files/Unity/Hub/Editor/2022.3.22f1/Editor/Data/PlaybackEngines/WindowsStandaloneSupport/UnityEditor.WindowsStandalone.Extensions.dll
Registered in 0.011919 seconds.
- Loaded All Assemblies, in  0.455 seconds
Native extension for WindowsStandalone target not found
Native extension for Android target not found
Android Extension - Scanning For ADB Devices 217 ms
Native extension for WebGL target not found
Mono: successfully reloaded assembly
- Finished resetting the current domain, in  0.598 seconds
Domain Reload Profiling: 1051ms
	BeginReloadAssembly (155ms)
		ExecutionOrderSort (0ms)
		DisableScriptedObjects (0ms)
		BackupInstance (0ms)
		ReleaseScriptingObjects (0ms)
		CreateAndSetChildDomain (1ms)
	RebuildCommonClasses (48ms)
	RebuildNativeTypeToScriptingClass (16ms)
	initialDomainReloadingComplete (72ms)
	LoadAllAssembliesAndSetupDomain (162ms)
		LoadAssemblies (153ms)
		RebuildTransferFunctionScriptingTraits (0ms)
		AnalyzeDomain (159ms)
			TypeCache.Refresh (158ms)
				TypeCache.ScanAssembly (143ms)
			ScanForSourceGeneratedMonoScriptInfo (0ms)
			ResolveRequiredComponents (1ms)
	FinalizeReload (598ms)
		ReleaseScriptCaches (0ms)
		RebuildScriptCaches (0ms)
		SetupLoadedEditorAssemblies (533ms)
			LogAssemblyErrors (0ms)
			InitializePlatformSupportModulesInManaged (343ms)
			SetLoadedEditorAssemblies (4ms)
			RefreshPlugins (0ms)
			BeforeProcessingInitializeOnLoad (2ms)
			ProcessInitializeOnLoadAttributes (133ms)
			ProcessInitializeOnLoadMethodAttributes (50ms)
			AfterProcessingInitializeOnLoad (0ms)
			EditorAssembliesLoaded (0ms)
		ExecutionOrderSort2 (0ms)
		AwakeInstancesAfterBackupRestoration (0ms)
========================================================================
Worker process is ready to serve import requests
Begin MonoManager ReloadAssembly
- Loaded All Assemblies, in  0.744 seconds
Refreshing native plugins compatible for Editor in 6.63 ms, found 4 plugins.
Native extension for WindowsStandalone target not found
Native extension for Android target not found
Native extension for WebGL target not found
Package Manager log level set to [2]
[Package Manager] Server::EnsureServerProcessIsRunning -- launch failed, reason: Unity was launched with the -noUpm command-line argument
[Package Manager] UpmClient::Send -- Unable to send message (not connected to UPM process).
[Package Manager] Cannot connect to Unity Package Manager local server
Mono: successfully reloaded assembly
- Finished resetting the current domain, in  0.802 seconds
Domain Reload Profiling: 1543ms
	BeginReloadAssembly (153ms)
		ExecutionOrderSort (0ms)
		DisableScriptedObjects (6ms)
		BackupInstance (0ms)
		ReleaseScriptingObjects (0ms)
		CreateAndSetChildDomain (21ms)
	RebuildCommonClasses (36ms)
	RebuildNativeTypeToScriptingClass (12ms)
	initialDomainReloadingComplete (49ms)
	LoadAllAssembliesAndSetupDomain (489ms)
		LoadAssemblies (375ms)
		RebuildTransferFunctionScriptingTraits (0ms)
		AnalyzeDomain (203ms)
			TypeCache.Refresh (170ms)
				TypeCache.ScanAssembly (149ms)
			ScanForSourceGeneratedMonoScriptInfo (24ms)
			ResolveRequiredComponents (8ms)
	FinalizeReload (802ms)
		ReleaseScriptCaches (0ms)
		RebuildScriptCaches (0ms)
		SetupLoadedEditorAssemblies (605ms)
			LogAssemblyErrors (0ms)
			InitializePlatformSupportModulesInManaged (29ms)
			SetLoadedEditorAssemblies (4ms)
			RefreshPlugins (0ms)
			BeforeProcessingInitializeOnLoad (125ms)
			ProcessInitializeOnLoadAttributes (395ms)
			ProcessInitializeOnLoadMethodAttributes (43ms)
			AfterProcessingInitializeOnLoad (8ms)
			EditorAssembliesLoaded (0ms)
		ExecutionOrderSort2 (0ms)
		AwakeInstancesAfterBackupRestoration (6ms)
Launched and connected shader compiler UnityShaderCompiler.exe after 0.05 seconds
Refreshing native plugins compatible for Editor in 4.65 ms, found 4 plugins.
Preloading 0 native plugins for Editor in 0.00 ms.
Unloading 4215 Unused Serialized files (Serialized files now loaded: 0)
Unloading 81 unused Assets / (246.4 KB). Loaded Objects now: 4697.
Memory consumption went from 240.7 MB to 240.5 MB.
Total: 4.784300 ms (FindLiveObjects: 0.641300 ms CreateObjectMapping: 0.187800 ms MarkObjects: 3.669800 ms  DeleteObjects: 0.284500 ms)

AssetImportParameters requested are different than current active one (requested -> active):
  custom:container-demuxer-ogg: 62fdf1f143b41e24485cea50d1cbac27 -> 
  custom:video-decoder-ogg-theora: a1e56fd34408186e4bbccfd4996cb3dc -> 
  custom:framework-win-MediaFoundation: 216162199b28c13a410421893ffa2e32 -> 
  custom:CustomObjectIndexerAttribute: 9a22284fe3817be447336de3de66b15e -> 
  custom:container-demuxer-webm: 4f35f7cbe854078d1ac9338744f61a02 -> 
  custom:container-muxer-webm: aa71ff27fc2769a1b78a27578f13a17b -> 
  custom:video-decoder-webm-vp8: 9c59270c3fd7afecdb556c50c9e8de78 -> 
  custom:SearchIndexIgnoredProperties: e643bd26f0fe6173181afceb89e7c659 -> 
  custom:AudioImporter_EditorPlatform: d09bf68614088b80899f8185d706f6e7 -> 
  custom:video-encoder-webm-vp8: eb34c28f22e8b96e1ab97ce403110664 -> 
  custom:audio-decoder-ogg-vorbis: bf7c407c2cedff20999df2af8eb42d56 -> 
  custom:audio-encoder-webm-vorbis: bf7c407c2cedff20999df2af8eb42d56 -> 
========================================================================
Received Import Request.
  Time since last request: 634818.402442 seconds.
  path: Assets/Image/NearEnemy/_golem_all_export-0001-AnyEraser.png
  artifactKey: Guid(e375b6a37ac577f479153cfb2c479434) Importer(815301076,1909f56bfc062723c751e8b465ee728b)
Start importing Assets/Image/NearEnemy/_golem_all_export-0001-AnyEraser.png using Guid(e375b6a37ac577f479153cfb2c479434) Importer(815301076,1909f56bfc062723c751e8b465ee728b)  -> (artifact id: 'afc58d424b8c8f0984efffe58439cada') in 0.109846 seconds
Number of updated asset objects reloaded before import = 0
Number of asset objects unloaded after import = 3
========================================================================
Received Import Request.
  Time since last request: 0.000025 seconds.
  path: Assets/Image/NearEnemy/_golem_all_export-0023-AnyEraser.png
  artifactKey: Guid(e233d1e92b71ec54a836508f5f84f89f) Importer(815301076,1909f56bfc062723c751e8b465ee728b)
Start importing Assets/Image/NearEnemy/_golem_all_export-0023-AnyEraser.png using Guid(e233d1e92b71ec54a836508f5f84f89f) Importer(815301076,1909f56bfc062723c751e8b465ee728b)  -> (artifact id: '2108858aa9a4b6a9cb84a53d299a7ad0') in 0.020760 seconds
Number of updated asset objects reloaded before import = 0
Number of asset objects unloaded after import = 3
========================================================================
Received Import Request.
  Time since last request: 0.000023 seconds.
  path: Assets/Image/NearEnemy/_golem_all_export-0007-AnyEraser.png
  artifactKey: Guid(0e6109d257e204840a200a2115e83d5e) Importer(815301076,1909f56bfc062723c751e8b465ee728b)
Start importing Assets/Image/NearEnemy/_golem_all_export-0007-AnyEraser.png using Guid(0e6109d257e204840a200a2115e83d5e) Importer(815301076,1909f56bfc062723c751e8b465ee728b)  -> (artifact id: 'ec154bd9aaf8f8b3513582d9d3b95cd0') in 0.031674 seconds
Number of updated asset objects reloaded before import = 0
Number of asset objects unloaded after import = 3
========================================================================
Received Import Request.
  Time since last request: 0.000034 seconds.
  path: Assets/Image/NearEnemy/_golem_all_export-0003-AnyEraser.png
  artifactKey: Guid(f84303b9cb3a79549afb494274373ed2) Importer(815301076,1909f56bfc062723c751e8b465ee728b)
Start importing Assets/Image/NearEnemy/_golem_all_export-0003-AnyEraser.png using Guid(f84303b9cb3a79549afb494274373ed2) Importer(815301076,1909f56bfc062723c751e8b465ee728b)  -> (artifact id: 'b8fab75e68452e5c29928407c027bebc') in 0.036493 seconds
Number of updated asset objects reloaded before import = 0
Number of asset objects unloaded after import = 3
========================================================================
Received Import Request.
  Time since last request: 0.000474 seconds.
  path: Assets/Image/NearEnemy/_golem_all_export-0027-AnyEraser.png
  artifactKey: Guid(0ea51fa169396a0479290c05d5ed5742) Importer(815301076,1909f56bfc062723c751e8b465ee728b)
Start importing Assets/Image/NearEnemy/_golem_all_export-0027-AnyEraser.png using Guid(0ea51fa169396a0479290c05d5ed5742) Importer(815301076,1909f56bfc062723c751e8b465ee728b)  -> (artifact id: '651b80565355f62fde4a195f2bc2d901') in 0.016842 seconds
Number of updated asset objects reloaded before import = 0
Number of asset objects unloaded after import = 3
========================================================================
Received Import Request.
  Time since last request: 0.000024 seconds.
  path: Assets/Image/NearEnemy/_golem_all_export-0029-AnyEraser.png
  artifactKey: Guid(ed301e52159a2794e88ab9b1167df386) Importer(815301076,1909f56bfc062723c751e8b465ee728b)
Start importing Assets/Image/NearEnemy/_golem_all_export-0029-AnyEraser.png using Guid(ed301e52159a2794e88ab9b1167df386) Importer(815301076,1909f56bfc062723c751e8b465ee728b)  -> (artifact id: '6600c80c543c1ba343cb42d2296ea4b2') in 0.020561 seconds
Number of updated asset objects reloaded before import = 0
Number of asset objects unloaded after import = 3
========================================================================
Received Import Request.
  Time since last request: 0.000028 seconds.
  path: Assets/Image/NearEnemy/_golem_all_export-0026-AnyEraser.png
  artifactKey: Guid(c165d00bdccf9054399119744c3669b0) Importer(815301076,1909f56bfc062723c751e8b465ee728b)
Start importing Assets/Image/NearEnemy/_golem_all_export-0026-AnyEraser.png using Guid(c165d00bdccf9054399119744c3669b0) Importer(815301076,1909f56bfc062723c751e8b465ee728b)  -> (artifact id: '78305e8d90f73c4e2aeb746b96fbdaae') in 0.025633 seconds
Number of updated asset objects reloaded before import = 0
Number of asset objects unloaded after import = 3
========================================================================
Received Import Request.
  Time since last request: 0.002546 seconds.
  path: Assets/Image/NearEnemy/_golem_all_export-0028-AnyEraser.png
  artifactKey: Guid(55cf4382e6e14c444b5f3aff85b2c5f0) Importer(815301076,1909f56bfc062723c751e8b465ee728b)
Start importing Assets/Image/NearEnemy/_golem_all_export-0028-AnyEraser.png using Guid(55cf4382e6e14c444b5f3aff85b2c5f0) Importer(815301076,1909f56bfc062723c751e8b465ee728b)  -> (artifact id: '279bfaacf29a4c3aa5b8c3be238a6e44') in 0.019342 seconds
Number of updated asset objects reloaded before import = 0
Number of asset objects unloaded after import = 3
========================================================================
Received Import Request.
  Time since last request: 0.000020 seconds.
  path: Assets/Image/NearEnemy/_golem_all_export-0019-AnyEraser.png
  artifactKey: Guid(b0df2b7c799571548b0466d487d1fc09) Importer(815301076,1909f56bfc062723c751e8b465ee728b)
Start importing Assets/Image/NearEnemy/_golem_all_export-0019-AnyEraser.png using Guid(b0df2b7c799571548b0466d487d1fc09) Importer(815301076,1909f56bfc062723c751e8b465ee728b)  -> (artifact id: '42a675deb1f1762bd885933055989a8b') in 0.026876 seconds
Number of updated asset objects reloaded before import = 0
Number of asset objects unloaded after import = 3
========================================================================
Received Import Request.
  Time since last request: 0.000106 seconds.
  path: Assets/Image/NearEnemy/_golem_all_export-0015-AnyEraser.png
  artifactKey: Guid(4a5a114c7a91bb946aed7d887597e3f1) Importer(815301076,1909f56bfc062723c751e8b465ee728b)
Start importing Assets/Image/NearEnemy/_golem_all_export-0015-AnyEraser.png using Guid(4a5a114c7a91bb946aed7d887597e3f1) Importer(815301076,1909f56bfc062723c751e8b465ee728b)  -> (artifact id: '87d52290166e467e129997d067cef70d') in 0.034208 seconds
Number of updated asset objects reloaded before import = 0
Number of asset objects unloaded after import = 3
========================================================================
Received Import Request.
  Time since last request: 0.002025 seconds.
  path: Assets/Image/NearEnemy/_golem_all_export-0014-AnyEraser.png
  artifactKey: Guid(6e724a943d8e1404c8b4ceb0b7ae96a5) Importer(815301076,1909f56bfc062723c751e8b465ee728b)
Start importing Assets/Image/NearEnemy/_golem_all_export-0014-AnyEraser.png using Guid(6e724a943d8e1404c8b4ceb0b7ae96a5) Importer(815301076,1909f56bfc062723c751e8b465ee728b)  -> (artifact id: 'dbb8c959da7822d89b2561333967b9fd') in 0.017758 seconds
Number of updated asset objects reloaded before import = 0
Number of asset objects unloaded after import = 3
========================================================================
Received Import Request.
  Time since last request: 0.000020 seconds.
  path: Assets/Image/NearEnemy/_golem_all_export-0022-AnyEraser.png
  artifactKey: Guid(07d08c17aa3208847a38237041315144) Importer(815301076,1909f56bfc062723c751e8b465ee728b)
Start importing Assets/Image/NearEnemy/_golem_all_export-0022-AnyEraser.png using Guid(07d08c17aa3208847a38237041315144) Importer(815301076,1909f56bfc062723c751e8b465ee728b)  -> (artifact id: 'be2f15dc0606d8f7d5c80712aa1d4965') in 0.023981 seconds
Number of updated asset objects reloaded before import = 0
Number of asset objects unloaded after import = 3
========================================================================
Received Import Request.
  Time since last request: 0.000023 seconds.
  path: Assets/Image/NearEnemy/_golem_all_export-0018-AnyEraser.png
  artifactKey: Guid(2326091530ace9c4e8e8525b31aafba2) Importer(815301076,1909f56bfc062723c751e8b465ee728b)
Start importing Assets/Image/NearEnemy/_golem_all_export-0018-AnyEraser.png using Guid(2326091530ace9c4e8e8525b31aafba2) Importer(815301076,1909f56bfc062723c751e8b465ee728b)  -> (artifact id: 'e097b98f19e924dd7160c5a7ab84aac8') in 0.026106 seconds
Number of updated asset objects reloaded before import = 0
Number of asset objects unloaded after import = 3
========================================================================
Received Import Request.
  Time since last request: 0.000815 seconds.
  path: Assets/Image/NearEnemy/_golem_all_export-0016-AnyEraser.png
  artifactKey: Guid(174bb4705a05a3b45bef1c6efc0864ac) Importer(815301076,1909f56bfc062723c751e8b465ee728b)
Start importing Assets/Image/NearEnemy/_golem_all_export-0016-AnyEraser.png using Guid(174bb4705a05a3b45bef1c6efc0864ac) Importer(815301076,1909f56bfc062723c751e8b465ee728b)  -> (artifact id: '2df6df50f0adc469ec9fdd511caefe9f') in 0.022414 seconds
Number of updated asset objects reloaded before import = 0
Number of asset objects unloaded after import = 3
========================================================================
Received Import Request.
  Time since last request: 0.000179 seconds.
  path: Assets/Image/NearEnemy/_golem_all_export-0008-AnyEraser.png
  artifactKey: Guid(83626c39015d5c44c9356b6234a4d912) Importer(815301076,1909f56bfc062723c751e8b465ee728b)
Start importing Assets/Image/NearEnemy/_golem_all_export-0008-AnyEraser.png using Guid(83626c39015d5c44c9356b6234a4d912) Importer(815301076,1909f56bfc062723c751e8b465ee728b)  -> (artifact id: '8a233423506b22c4e598a87053d95e99') in 0.018373 seconds
Number of updated asset objects reloaded before import = 0
Number of asset objects unloaded after import = 3
========================================================================
Received Import Request.
  Time since last request: 48.776718 seconds.
  path: Assets/Image/NearEnemy/_golem_all_export-0002-AnyEraser.png
  artifactKey: Guid(b28e59399a8ccc74085976ee98993c3d) Importer(815301076,1909f56bfc062723c751e8b465ee728b)
Start importing Assets/Image/NearEnemy/_golem_all_export-0002-AnyEraser.png using Guid(b28e59399a8ccc74085976ee98993c3d) Importer(815301076,1909f56bfc062723c751e8b465ee728b)  -> (artifact id: 'a800a6154318bb9bb43b001be1ddfd2e') in 0.028762 seconds
Number of updated asset objects reloaded before import = 0
Number of asset objects unloaded after import = 3
========================================================================
Received Import Request.
  Time since last request: 0.000027 seconds.
  path: Assets/Image/NearEnemy/_golem_all_export-0023-AnyEraser.png
  artifactKey: Guid(e233d1e92b71ec54a836508f5f84f89f) Importer(815301076,1909f56bfc062723c751e8b465ee728b)
Start importing Assets/Image/NearEnemy/_golem_all_export-0023-AnyEraser.png using Guid(e233d1e92b71ec54a836508f5f84f89f) Importer(815301076,1909f56bfc062723c751e8b465ee728b)  -> (artifact id: '93221a4d21980369e35b0d2f2548fed3') in 0.024227 seconds
Number of updated asset objects reloaded before import = 0
Number of asset objects unloaded after import = 3
========================================================================
Received Import Request.
  Time since last request: 0.000018 seconds.
  path: Assets/Image/NearEnemy/_golem_all_export-0012-AnyEraser.png
  artifactKey: Guid(c88a547bce2aa324d9aaab2c3ab5f6f9) Importer(815301076,1909f56bfc062723c751e8b465ee728b)
Start importing Assets/Image/NearEnemy/_golem_all_export-0012-AnyEraser.png using Guid(c88a547bce2aa324d9aaab2c3ab5f6f9) Importer(815301076,1909f56bfc062723c751e8b465ee728b)  -> (artifact id: '1844f029b50f78f9c48120a91a45d331') in 0.020985 seconds
Number of updated asset objects reloaded before import = 0
Number of asset objects unloaded after import = 3
========================================================================
Received Import Request.
  Time since last request: 0.000232 seconds.
  path: Assets/Image/NearEnemy/_golem_all_export-0029-AnyEraser.png
  artifactKey: Guid(ed301e52159a2794e88ab9b1167df386) Importer(815301076,1909f56bfc062723c751e8b465ee728b)
Start importing Assets/Image/NearEnemy/_golem_all_export-0029-AnyEraser.png using Guid(ed301e52159a2794e88ab9b1167df386) Importer(815301076,1909f56bfc062723c751e8b465ee728b)  -> (artifact id: '7ca9c00904df35c60045a8a03074ae5c') in 0.025531 seconds
Number of updated asset objects reloaded before import = 0
Number of asset objects unloaded after import = 3
========================================================================
Received Import Request.
  Time since last request: 0.000028 seconds.
  path: Assets/Image/NearEnemy/_golem_all_export-0026-AnyEraser.png
  artifactKey: Guid(c165d00bdccf9054399119744c3669b0) Importer(815301076,1909f56bfc062723c751e8b465ee728b)
Start importing Assets/Image/NearEnemy/_golem_all_export-0026-AnyEraser.png using Guid(c165d00bdccf9054399119744c3669b0) Importer(815301076,1909f56bfc062723c751e8b465ee728b)  -> (artifact id: '28359281751ae9bceec7b2019cd404ee') in 0.020715 seconds
Number of updated asset objects reloaded before import = 0
Number of asset objects unloaded after import = 3
========================================================================
Received Import Request.
  Time since last request: 0.000196 seconds.
  path: Assets/Image/NearEnemy/_golem_all_export-0009-AnyEraser.png
  artifactKey: Guid(dbdec06c1c7b6714c8dc16aef995c734) Importer(815301076,1909f56bfc062723c751e8b465ee728b)
Start importing Assets/Image/NearEnemy/_golem_all_export-0009-AnyEraser.png using Guid(dbdec06c1c7b6714c8dc16aef995c734) Importer(815301076,1909f56bfc062723c751e8b465ee728b)  -> (artifact id: '855a31bc85d57b5428c5b520dc6d7f94') in 0.020599 seconds
Number of updated asset objects reloaded before import = 0
Number of asset objects unloaded after import = 3
========================================================================
Received Import Request.
  Time since last request: 0.000026 seconds.
  path: Assets/Image/NearEnemy/_golem_all_export-0016-AnyEraser.png
  artifactKey: Guid(174bb4705a05a3b45bef1c6efc0864ac) Importer(815301076,1909f56bfc062723c751e8b465ee728b)
Start importing Assets/Image/NearEnemy/_golem_all_export-0016-AnyEraser.png using Guid(174bb4705a05a3b45bef1c6efc0864ac) Importer(815301076,1909f56bfc062723c751e8b465ee728b)  -> (artifact id: '7180cd1ef2d8c6b0bdf016153714c1db') in 0.020216 seconds
Number of updated asset objects reloaded before import = 0
Number of asset objects unloaded after import = 3
========================================================================
Received Prepare
Begin MonoManager ReloadAssembly
- Loaded All Assemblies, in  0.843 seconds
Refreshing native plugins compatible for Editor in 16.83 ms, found 4 plugins.
Native extension for WindowsStandalone target not found
Native extension for Android target not found
Native extension for WebGL target not found
[Package Manager] Server::EnsureServerProcessIsRunning -- launch failed, reason: Unity was launched with the -noUpm command-line argument
[Package Manager] UpmClient::Send -- Unable to send message (not connected to UPM process).
[Package Manager] Cannot connect to Unity Package Manager local server
Mono: successfully reloaded assembly
- Finished resetting the current domain, in  1.492 seconds
Domain Reload Profiling: 2331ms
	BeginReloadAssembly (244ms)
		ExecutionOrderSort (0ms)
		DisableScriptedObjects (15ms)
		BackupInstance (0ms)
		ReleaseScriptingObjects (0ms)
		CreateAndSetChildDomain (45ms)
	RebuildCommonClasses (40ms)
	RebuildNativeTypeToScriptingClass (25ms)
	initialDomainReloadingComplete (53ms)
	LoadAllAssembliesAndSetupDomain (477ms)
		LoadAssemblies (582ms)
		RebuildTransferFunctionScriptingTraits (0ms)
		AnalyzeDomain (35ms)
			TypeCache.Refresh (13ms)
				TypeCache.ScanAssembly (0ms)
			ScanForSourceGeneratedMonoScriptInfo (12ms)
			ResolveRequiredComponents (9ms)
	FinalizeReload (1493ms)
		ReleaseScriptCaches (0ms)
		RebuildScriptCaches (0ms)
		SetupLoadedEditorAssemblies (698ms)
			LogAssemblyErrors (0ms)
			InitializePlatformSupportModulesInManaged (36ms)
			SetLoadedEditorAssemblies (4ms)
			RefreshPlugins (0ms)
			BeforeProcessingInitializeOnLoad (112ms)
			ProcessInitializeOnLoadAttributes (477ms)
			ProcessInitializeOnLoadMethodAttributes (53ms)
			AfterProcessingInitializeOnLoad (15ms)
			EditorAssembliesLoaded (0ms)
		ExecutionOrderSort2 (0ms)
		AwakeInstancesAfterBackupRestoration (15ms)
Refreshing native plugins compatible for Editor in 5.04 ms, found 4 plugins.
Preloading 0 native plugins for Editor in 0.00 ms.
Unloading 4205 Unused Serialized files (Serialized files now loaded: 0)
Unloading 41 unused Assets / (217.7 KB). Loaded Objects now: 4735.
Memory consumption went from 239.7 MB to 239.4 MB.
Total: 3.709000 ms (FindLiveObjects: 0.470400 ms CreateObjectMapping: 0.145500 ms MarkObjects: 2.917400 ms  DeleteObjects: 0.174700 ms)

Prepare: number of updated asset objects reloaded= 0
AssetImportParameters requested are different than current active one (requested -> active):
  custom:container-demuxer-ogg: 62fdf1f143b41e24485cea50d1cbac27 -> 
  custom:video-decoder-ogg-theora: a1e56fd34408186e4bbccfd4996cb3dc -> 
  custom:framework-win-MediaFoundation: 216162199b28c13a410421893ffa2e32 -> 
  custom:CustomObjectIndexerAttribute: 9a22284fe3817be447336de3de66b15e -> 
  custom:container-demuxer-webm: 4f35f7cbe854078d1ac9338744f61a02 -> 
  custom:container-muxer-webm: aa71ff27fc2769a1b78a27578f13a17b -> 
  custom:video-decoder-webm-vp8: 9c59270c3fd7afecdb556c50c9e8de78 -> 
  custom:SearchIndexIgnoredProperties: e643bd26f0fe6173181afceb89e7c659 -> 
  custom:AudioImporter_EditorPlatform: d09bf68614088b80899f8185d706f6e7 -> 
  custom:video-encoder-webm-vp8: eb34c28f22e8b96e1ab97ce403110664 -> 
  custom:audio-decoder-ogg-vorbis: bf7c407c2cedff20999df2af8eb42d56 -> 
  custom:audio-encoder-webm-vorbis: bf7c407c2cedff20999df2af8eb42d56 -> 
Editor requested this worker to shutdown with reason: Scaling down because of idle timeout
TcpMessagingSession - receive error: operation aborted. errorcode: 995, details: 스레드 종료 또는 응용 프로그램 요청 때문에 I/O 작업이 취소되었습니다.
AssetImportWorker is now disconnected from the server
Process exiting
Exiting without the bug reporter. Application will terminate with return code 0